<?xml version="1.0" encoding="UTF-8"?>
<testsuite xmlns:xsi="http://www.w3.org/2001/XMLSchema-instance" xsi:noNamespaceSchemaLocation="https://maven.apache.org/surefire/maven-surefire-plugin/xsd/surefire-test-report.xsd" name="ChooseMenuTest" time="6.251" tests="3" errors="0" skipped="0" failures="0">
  <properties>
[...]
</properties>
  <testcase name="menuSauceIsActiveByClick" classname="ChooseMenuTest" time="2.078"/>
  <testcase name="menuFillingsIsActiveByClick" classname="ChooseMenuTest" time="2.039"/>
  <testcase name="menuBunIsActiveByClick" classname="ChooseMenuTest" time="2.127"/>
</testsuite>